00000000000i[      ] Bochs x86 Emulator 2.6.8
00000000000i[      ]   Built from SVN snapshot on May 3, 2015
00000000000i[      ] Compiled on May  3 2016 at 13:14:38
00000000000i[      ] System configuration
00000000000i[      ]   processors: 1 (cores=1, HT threads=1)
00000000000i[      ]   A20 line support: yes
00000000000i[      ] IPS is set to 4000000
00000000000i[      ] CPU configuration
00000000000i[      ]   SMP support: yes, quantum=16
00000000000i[      ]   level: 6
00000000000i[      ]   APIC support: xapic
00000000000i[      ]   FPU support: yes
00000000000i[      ]   MMX support: yes
00000000000i[      ]   3dnow! support: yes
00000000000i[      ]   SEP support: yes
00000000000i[      ]   SIMD support: sse2
00000000000i[      ]   XSAVE support: no 
00000000000i[      ]   AES support: no
00000000000i[      ]   SHA support: no
00000000000i[      ]   MOVBE support: no
00000000000i[      ]   ADX support: no
00000000000i[      ]   x86-64 support: yes
00000000000i[      ]   1G paging support: no
00000000000i[      ]   MWAIT support: yes
00000000000i[      ]   VMX support: 2
00000000000i[      ] Optimization configuration
00000000000i[      ]   RepeatSpeedups support: yes
00000000000i[      ]   Fast function calls: yes
00000000000i[      ]   Handlers Chaining speedups: no
00000000000i[      ] Devices configuration
00000000000i[      ]   NE2000 support: no
00000000000i[      ]   PCI support: yes, enabled=yes
00000000000i[      ]   SB16 support: no
00000000000i[      ]   USB support: no
00000000000i[      ]   VGA extension support: vbe
00000000000i[MEM0  ] allocated memory at 0x2ab87f314010. after alignment, vector=0x2ab87f315000
00000000000i[MEM0  ] 128.00MB
00000000000i[MEM0  ] mem block size = 0x00100000, blocks=128
00000000000i[MEM0  ] rom at 0xfffe0000/131072 ('/usr/local/share/bochs/BIOS-bochs-latest')
00000000000i[PLUGIN] init_dev of 'pci' plugin device by virtual method
00000000000i[DEV   ] i440FX PMC present at device 0, function 0
00000000000i[PLUGIN] init_dev of 'pci2isa' plugin device by virtual method
00000000000i[DEV   ] PIIX3 PCI-to-ISA bridge present at device 1, function 0
00000000000i[PLUGIN] init_dev of 'cmos' plugin device by virtual method
00000000000i[CMOS  ] Using local time for initial clock
00000000000i[CMOS  ] Setting initial clock to: Wed May  4 11:38:24 2016 (time0=1462342104)
00000000000i[PLUGIN] init_dev of 'dma' plugin device by virtual method
00000000000i[DMA   ] channel 4 used by cascade
00000000000i[PLUGIN] init_dev of 'pic' plugin device by virtual method
00000000000i[PLUGIN] init_dev of 'pit' plugin device by virtual method
00000000000i[PLUGIN] init_dev of 'vga' plugin device by virtual method
00000000000i[MEM0  ] Register memory access handlers: 0x0000000a0000 - 0x0000000bffff
00000000000i[VGA   ] interval=200000, mode=realtime
00000000000i[MEM0  ] Register memory access handlers: 0x0000e0000000 - 0x0000e0ffffff
00000000000i[BXVGA ] VBE Bochs Display Extension Enabled
00000000000i[XGUI  ] test_alloc_colors: 16 colors available out of 16 colors tried
00000000000i[XGUI  ] font 8 wide x 16 high, display depth = 24
00000000000i[MEM0  ] rom at 0xc0000/41472 ('/usr/local/share/bochs/VGABIOS-lgpl-latest')
00000000000i[PLUGIN] init_dev of 'floppy' plugin device by virtual method
00000000000i[DMA   ] channel 2 used by Floppy Drive
00000000000i[PLUGIN] init_dev of 'acpi' plugin device by virtual method
00000000000i[DEV   ] ACPI Controller present at device 1, function 3
00000000000i[PLUGIN] init_dev of 'ioapic' plugin device by virtual method
00000000000i[IOAPIC] initializing I/O APIC
00000000000i[MEM0  ] Register memory access handlers: 0x0000fec00000 - 0x0000fec00fff
00000000000i[IOAPIC] IOAPIC enabled (base address = 0xfec00000)
00000000000i[PLUGIN] init_dev of 'keyboard' plugin device by virtual method
00000000000i[KBD   ] will paste characters every 400 keyboard ticks
00000000000i[PLUGIN] init_dev of 'harddrv' plugin device by virtual method
00000000000i[HD    ] HD on ata0-0: '/home/nix/Desktop/vmcomms/os/COL331_HardwareVirtualization/obj/kern/kernel.img', 'flat' mode
00000000000i[IMG   ] hd_size: 10240000
00000000000i[HD    ] ata0-0: using specified geometry: CHS=1/1/32
00000000000i[HD    ] ata0-0: extra data outside of CHS address range
00000000000i[HD    ] HD on ata0-1: '/home/nix/Desktop/vmcomms/os/COL331_HardwareVirtualization/obj/fs/fs.img', 'flat' mode
00000000000i[IMG   ] hd_size: 16777216
00000000000i[HD    ] ata0-1: using specified geometry: CHS=1/1/32
00000000000i[HD    ] ata0-1: extra data outside of CHS address range
00000000000i[HD    ] translation on ata0-0 set to 'none'
00000000000i[HD    ] translation on ata0-1 set to 'none'
00000000000i[HD    ] Using boot sequence floppy, disk, none
00000000000i[HD    ] Floppy boot signature check is enabled
00000000000i[PLUGIN] init_dev of 'pci_ide' plugin device by virtual method
00000000000i[DEV   ] PIIX3 PCI IDE controller present at device 1, function 1
00000000000i[PLUGIN] init_dev of 'unmapped' plugin device by virtual method
00000000000i[PLUGIN] init_dev of 'biosdev' plugin device by virtual method
00000000000i[PLUGIN] init_dev of 'speaker' plugin device by virtual method
00000000000e[PCSPK ] Failed to open /dev/console: Permission denied
00000000000e[PCSPK ] Deactivating beep on console
00000000000i[PLUGIN] init_dev of 'extfpuirq' plugin device by virtual method
00000000000i[PLUGIN] init_dev of 'parallel' plugin device by virtual method
00000000000i[PAR   ] parallel port 1 at 0x0378 irq 7
00000000000i[PLUGIN] init_dev of 'serial' plugin device by virtual method
00000000000i[SER   ] com1 at 0x03f8 irq 4 (mode: null)
00000000000i[PLUGIN] init_dev of 'iodebug' plugin device by virtual method
00000000000i[PLUGIN] register state of 'pci' plugin device by virtual method
00000000000i[PLUGIN] register state of 'pci2isa' plugin device by virtual method
00000000000i[PLUGIN] register state of 'cmos' plugin device by virtual method
00000000000i[PLUGIN] register state of 'dma' plugin device by virtual method
00000000000i[PLUGIN] register state of 'pic' plugin device by virtual method
00000000000i[PLUGIN] register state of 'pit' plugin device by virtual method
00000000000i[PLUGIN] register state of 'vga' plugin device by virtual method
00000000000i[PLUGIN] register state of 'floppy' plugin device by virtual method
00000000000i[PLUGIN] register state of 'unmapped' plugin device by virtual method
00000000000i[PLUGIN] register state of 'biosdev' plugin device by virtual method
00000000000i[PLUGIN] register state of 'speaker' plugin device by virtual method
00000000000i[PLUGIN] register state of 'extfpuirq' plugin device by virtual method
00000000000i[PLUGIN] register state of 'parallel' plugin device by virtual method
00000000000i[PLUGIN] register state of 'serial' plugin device by virtual method
00000000000i[PLUGIN] register state of 'iodebug' plugin device by virtual method
00000000000i[PLUGIN] register state of 'acpi' plugin device by virtual method
00000000000i[PLUGIN] register state of 'ioapic' plugin device by virtual method
00000000000i[PLUGIN] register state of 'keyboard' plugin device by virtual method
00000000000i[PLUGIN] register state of 'harddrv' plugin device by virtual method
00000000000i[PLUGIN] register state of 'pci_ide' plugin device by virtual method
00000000000i[SYS   ] bx_pc_system_c::Reset(HARDWARE) called
00000000000i[CPU0  ] cpu hardware reset
00000000000i[APIC0 ] allocate APIC id=0 (MMIO enabled) to 0x0000fee00000
00000000000i[CPU0  ] CPU[0] is the bootstrap processor
00000000000i[CPU0  ] CPUID[0x00000000]: 00000005 68747541 444d4163 69746e65
00000000000i[CPU0  ] CPUID[0x00000001]: 00000633 00010800 00002028 17cbfbff
00000000000i[CPU0  ] CPUID[0x00000002]: 00000000 00000000 00000000 00000000
00000000000i[CPU0  ] CPUID[0x00000003]: 00000000 00000000 00000000 00000000
00000000000i[CPU0  ] CPUID[0x00000004]: 00000000 00000000 00000000 00000000
00000000000i[CPU0  ] CPUID[0x00000005]: 00000040 00000040 00000003 00000020
00000000000i[PLUGIN] reset of 'pci' plugin device by virtual method
00000000000i[PLUGIN] reset of 'pci2isa' plugin device by virtual method
00000000000i[PLUGIN] reset of 'cmos' plugin device by virtual method
00000000000i[PLUGIN] reset of 'dma' plugin device by virtual method
00000000000i[PLUGIN] reset of 'pic' plugin device by virtual method
00000000000i[PLUGIN] reset of 'pit' plugin device by virtual method
00000000000i[PLUGIN] reset of 'vga' plugin device by virtual method
00000000000i[PLUGIN] reset of 'floppy' plugin device by virtual method
00000000000i[PLUGIN] reset of 'acpi' plugin device by virtual method
00000000000i[PLUGIN] reset of 'ioapic' plugin device by virtual method
00000000000i[PLUGIN] reset of 'keyboard' plugin device by virtual method
00000000000i[PLUGIN] reset of 'harddrv' plugin device by virtual method
00000000000i[PLUGIN] reset of 'pci_ide' plugin device by virtual method
00000000000i[PLUGIN] reset of 'unmapped' plugin device by virtual method
00000000000i[PLUGIN] reset of 'biosdev' plugin device by virtual method
00000000000i[PLUGIN] reset of 'speaker' plugin device by virtual method
00000000000i[PLUGIN] reset of 'extfpuirq' plugin device by virtual method
00000000000i[PLUGIN] reset of 'parallel' plugin device by virtual method
00000000000i[PLUGIN] reset of 'serial' plugin device by virtual method
00000000000i[PLUGIN] reset of 'iodebug' plugin device by virtual method
00000000000i[      ] set SIGINT handler to bx_debug_ctrlc_handler
00000004661i[BIOS  ] $Revision: 12579 $ $Date: 2014-12-26 11:31:39 +0100 (Fr, 26. Dez 2014) $
00000318049i[KBD   ] reset-disable command received
00000320818i[BIOS  ] Starting rombios32
00000321256i[BIOS  ] Shutdown flag 0
00000321839i[BIOS  ] ram_size=0x08000000
00000322282i[BIOS  ] ram_end=128MB
00000362832i[BIOS  ] Found 1 cpu(s)
00000377036i[BIOS  ] bios_table_addr: 0x000fa498 end=0x000fcc00
00000704831i[PCI   ] i440FX PMC write to PAM register 59 (TLB Flush)
00001032760i[P2ISA ] PCI IRQ routing: PIRQA# set to 0x0b
00001032779i[P2ISA ] PCI IRQ routing: PIRQB# set to 0x09
00001032798i[P2ISA ] PCI IRQ routing: PIRQC# set to 0x0b
00001032817i[P2ISA ] PCI IRQ routing: PIRQD# set to 0x09
00001032827i[P2ISA ] write: ELCR2 = 0x0a
00001033597i[BIOS  ] PIIX3/PIIX4 init: elcr=00 0a
00001041278i[BIOS  ] PCI: bus=0 devfn=0x00: vendor_id=0x8086 device_id=0x1237 class=0x0600
00001043557i[BIOS  ] PCI: bus=0 devfn=0x08: vendor_id=0x8086 device_id=0x7000 class=0x0601
00001045675i[BIOS  ] PCI: bus=0 devfn=0x09: vendor_id=0x8086 device_id=0x7010 class=0x0101
00001045900i[PIDE  ] new BM-DMA address: 0xc000
00001046516i[BIOS  ] region 4: 0x0000c000
00001048550i[BIOS  ] PCI: bus=0 devfn=0x0b: vendor_id=0x8086 device_id=0x7113 class=0x0680
00001048782i[ACPI  ] new irq line = 11
00001048794i[ACPI  ] new irq line = 9
00001048819i[ACPI  ] new PM base address: 0xb000
00001048833i[ACPI  ] new SM base address: 0xb100
00001048861i[PCI   ] setting SMRAM control register to 0x4a
00001212954i[CPU0  ] Enter to System Management Mode
00001212954i[CPU0  ] enter_system_management_mode: temporary disable VMX while in SMM mode
00001212964i[CPU0  ] RSM: Resuming from System Management Mode
00001376985i[PCI   ] setting SMRAM control register to 0x0a
00001391851i[BIOS  ] MP table addr=0x000fa570 MPC table addr=0x000fa4a0 size=0xc8
00001393673i[BIOS  ] SMBIOS table addr=0x000fa580
00001395854i[BIOS  ] ACPI tables: RSDP addr=0x000fa6a0 ACPI DATA addr=0x07ff0000 size=0xf72
00001399066i[BIOS  ] Firmware waking vector 0x7ff00cc
00001400861i[PCI   ] i440FX PMC write to PAM register 59 (TLB Flush)
00001401584i[BIOS  ] bios_table_cur_addr: 0x000fa6c4
00001529201i[VBIOS ] VGABios $Id: vgabios.c,v 1.76 2013/02/10 08:07:03 vruppert Exp $
00001529272i[BXVGA ] VBE known Display Interface b0c0
00001529304i[BXVGA ] VBE known Display Interface b0c5
00001532229i[VBIOS ] VBE Bios $Id: vbe.c,v 1.65 2014/07/08 18:02:25 vruppert Exp $
00001876300i[BIOS  ] ata0-0: PCHS=1/1/32 translation=none LCHS=1/1/32
00001929845i[BIOS  ] ata0-1: PCHS=1/1/32 translation=none LCHS=1/1/32
00002575484i[XGUI  ] charmap update. Font Height is 16
00014161412i[BIOS  ] Booting from 0000:7c00
00027148215i[APIC0 ] set timer divide factor to 1
00028954682i[CPU0  ] CPU is in long mode (active)
00028954682i[CPU0  ] CS.mode = 64 bit
00028954682i[CPU0  ] SS.mode = 64 bit
00028954682i[CPU0  ] EFER   = 0x00000500
00028954682i[CPU0  ] | RAX=0000000000048000  RBX=0000000000106500
00028954682i[CPU0  ] | RCX=00000000ef7fe000  RDX=00000080042440f6
00028954682i[CPU0  ] | RSP=000000800422df70  RBP=000000800422dfa0
00028954682i[CPU0  ] | RSI=00000080042440f6  RDI=0000008004522000
00028954682i[CPU0  ] |  R8=00000000fffffff4   R9=0000000000000020
00028954682i[CPU0  ] | R10=0000008004208b8e  R11=0000000000000000
00028954682i[CPU0  ] | R12=0000000000000000  R13=0000000000000000
00028954682i[CPU0  ] | R14=0000000000000000  R15=0000000000000000
00028954682i[CPU0  ] | IOPL=0 ID vip vif ac vm RF nt of df if tf sf ZF af PF cf
00028954682i[CPU0  ] | SEG sltr(index|ti|rpl)     base    limit G D
00028954682i[CPU0  ] |  CS:0008( 0001| 0|  0) 00000000 ffffffff 1 0
00028954682i[CPU0  ] |  DS:0010( 0002| 0|  0) 00000000 ffffffff 1 0
00028954682i[CPU0  ] |  SS:0010( 0002| 0|  0) 00000000 ffffffff 1 0
00028954682i[CPU0  ] |  ES:0010( 0002| 0|  0) 00000000 ffffffff 1 0
00028954682i[CPU0  ] |  FS:0023( 0004| 0|  3) 00000000 ffffffff 1 0
00028954682i[CPU0  ] |  GS:0023( 0004| 0|  3) 00000000 ffffffff 1 0
00028954682i[CPU0  ] |  MSR_FS_BASE:0000000000000000
00028954682i[CPU0  ] |  MSR_GS_BASE:0000000000000000
00028954682i[CPU0  ] | RIP=0000008004207dc9 (0000008004207dc9)
00028954682i[CPU0  ] | CR0=0xe0050013 CR2=0x000000800446c300
00028954682i[CPU0  ] | CR3=0x00048000 CR4=0x00000020
00028954682p[CPU0  ] >>PANIC<< exception(): 3rd (14) exception with no resolution
00028954682e[CPU0  ] WARNING: Any simulation after this point is completely bogus !
14826976000p[XGUI  ] >>PANIC<< POWER button turned off.
14826976000i[CPU0  ] CPU is in long mode (in shutdown)
14826976000i[CPU0  ] CS.mode = 64 bit
14826976000i[CPU0  ] SS.mode = 64 bit
14826976000i[CPU0  ] EFER   = 0x00000500
14826976000i[CPU0  ] | RAX=0000000000048000  RBX=0000000000106500
14826976000i[CPU0  ] | RCX=00000000ef7fe000  RDX=00000080042440f6
14826976000i[CPU0  ] | RSP=000000800422df70  RBP=000000800422dfa0
14826976000i[CPU0  ] | RSI=00000080042440f6  RDI=0000008004522000
14826976000i[CPU0  ] |  R8=00000000fffffff4   R9=0000000000000020
14826976000i[CPU0  ] | R10=0000008004208b8e  R11=0000000000000000
14826976000i[CPU0  ] | R12=0000000000000000  R13=0000000000000000
14826976000i[CPU0  ] | R14=0000000000000000  R15=0000000000000000
14826976000i[CPU0  ] | IOPL=0 ID vip vif ac vm RF nt of df if tf sf ZF af PF cf
14826976000i[CPU0  ] | SEG sltr(index|ti|rpl)     base    limit G D
14826976000i[CPU0  ] |  CS:0008( 0001| 0|  0) 00000000 ffffffff 1 0
14826976000i[CPU0  ] |  DS:0010( 0002| 0|  0) 00000000 ffffffff 1 0
14826976000i[CPU0  ] |  SS:0010( 0002| 0|  0) 00000000 ffffffff 1 0
14826976000i[CPU0  ] |  ES:0010( 0002| 0|  0) 00000000 ffffffff 1 0
14826976000i[CPU0  ] |  FS:0023( 0004| 0|  3) 00000000 ffffffff 1 0
14826976000i[CPU0  ] |  GS:0023( 0004| 0|  3) 00000000 ffffffff 1 0
14826976000i[CPU0  ] |  MSR_FS_BASE:0000000000000000
14826976000i[CPU0  ] |  MSR_GS_BASE:0000000000000000
14826976000i[CPU0  ] | RIP=0000008004207dc9 (0000008004207dc9)
14826976000i[CPU0  ] | CR0=0xe0050013 CR2=0x000000800446c300
14826976000i[CPU0  ] | CR3=0x00048000 CR4=0x00000020
14826976000i[CMOS  ] Last time is 1462345810 (Wed May  4 12:40:10 2016)
14826976000i[XGUI  ] Exit
14826976000i[SIM   ] quit_sim called with exit code 1
